<?xml version="1.0" encoding="UTF-8"?>
<!-- Generated by org.testng.reporters.JUnitXMLReporter -->
<testsuite ignored="0" hostname="LAPTOP-TVU4M0V2" failures="0" tests="3" name="Default test" time="0.068" errors="0" timestamp="2023-12-01T14:41:45 IST">
  <testcase classname="SeleniumWebDriver.Test.Groups" name="Language" time="0.011"/>
  <testcase classname="SeleniumWebDriver.Test.Groups" name="numbers" time="0.002"/>
  <testcase classname="SeleniumWebDriver.Test.Groups" name="alaphbet" time="0.002"/>
</testsuite> <!-- Default test -->
